Flow report for processador
Fri Feb 19 18:25:25 2021
Quartus Prime Version 18.0.0 Build 614 04/24/2018 SJ Lite Edition


---------------------
; Table of Contents ;
---------------------
  1. Legal Notice
  2. Flow Summary
  3. Flow Settings
  4. Flow Non-Default Global Settings
  5. Flow Elapsed Time
  6. Flow OS Summary
  7. Flow Log
  8. Flow Messages
  9. Flow Suppressed Messages



----------------
; Legal Notice ;
----------------
Copyright (C) 2018  Intel Corporation. All rights reserved.
Your use of Intel Corporation's design tools, logic functions 
and other software and tools, and its AMPP partner logic 
functions, and any output files from any of the foregoing 
(including device programming or simulation files), and any 
associated documentation or information are expressly subject 
to the terms and conditions of the Intel Program License 
Subscription Agreement, the Intel Quartus Prime License Agreement,
the Intel FPGA IP License Agreement, or other applicable license
agreement, including, without limitation, that your use is for
the sole purpose of programming logic devices manufactured by
Intel and sold by Intel or its authorized distributors.  Please
refer to the applicable agreement for further details.



+----------------------------------------------------------------------------------+
; Flow Summary                                                                     ;
+------------------------------------+---------------------------------------------+
; Flow Status                        ; Successful - Fri Feb 19 18:25:25 2021       ;
; Quartus Prime Version              ; 18.0.0 Build 614 04/24/2018 SJ Lite Edition ;
; Revision Name                      ; processador                                 ;
; Top-level Entity Name              ; machine                                     ;
; Family                             ; Cyclone IV E                                ;
; Device                             ; EP4CE115F29C7                               ;
; Timing Models                      ; Final                                       ;
; Total logic elements               ; 8,401                                       ;
;     Total combinational functions  ; 7,633                                       ;
;     Dedicated logic registers      ; 2,277                                       ;
; Total registers                    ; 2277                                        ;
; Total pins                         ; 589                                         ;
; Total virtual pins                 ; 0                                           ;
; Total memory bits                  ; 147,200                                     ;
; Embedded Multiplier 9-bit elements ; 8                                           ;
; Total PLLs                         ; 0                                           ;
+------------------------------------+---------------------------------------------+


+-----------------------------------------+
; Flow Settings                           ;
+-------------------+---------------------+
; Option            ; Setting             ;
+-------------------+---------------------+
; Start date & time ; 02/19/2021 18:18:54 ;
; Main task         ; Compilation         ;
; Revision Name     ; processador         ;
+-------------------+---------------------+


+-------------------------------------------------------------------------------------------------------------------------+
; Flow Non-Default Global Settings                                                                                        ;
+-------------------------------------+----------------------------------------+---------------+-------------+------------+
; Assignment Name                     ; Value                                  ; Default Value ; Entity Name ; Section Id ;
+-------------------------------------+----------------------------------------+---------------+-------------+------------+
; COMPILER_SIGNATURE_ID               ; 180747809987198.161376953454078        ; --            ; --          ; --         ;
; MAX_CORE_JUNCTION_TEMP              ; 85                                     ; --            ; --          ; --         ;
; MIN_CORE_JUNCTION_TEMP              ; 0                                      ; --            ; --          ; --         ;
; NOMINAL_CORE_SUPPLY_VOLTAGE         ; 1.2V                                   ; --            ; --          ; --         ;
; PARTITION_COLOR                     ; -- (Not supported for targeted family) ; --            ; machine     ; Top        ;
; PARTITION_FITTER_PRESERVATION_LEVEL ; -- (Not supported for targeted family) ; --            ; machine     ; Top        ;
; PARTITION_NETLIST_TYPE              ; -- (Not supported for targeted family) ; --            ; machine     ; Top        ;
; POWER_BOARD_THERMAL_MODEL           ; None (CONSERVATIVE)                    ; --            ; --          ; --         ;
; POWER_PRESET_COOLING_SOLUTION       ; 23 MM HEAT SINK WITH 200 LFPM AIRFLOW  ; --            ; --          ; --         ;
; PROJECT_OUTPUT_DIRECTORY            ; output_files                           ; --            ; --          ; --         ;
; TOP_LEVEL_ENTITY                    ; machine                                ; processador   ; --          ; --         ;
+-------------------------------------+----------------------------------------+---------------+-------------+------------+


+--------------------------------------------------------------------------------------------------------------------------+
; Flow Elapsed Time                                                                                                        ;
+----------------------+--------------+-------------------------+---------------------+------------------------------------+
; Module Name          ; Elapsed Time ; Average Processors Used ; Peak Virtual Memory ; Total CPU Time (on all processors) ;
+----------------------+--------------+-------------------------+---------------------+------------------------------------+
; Analysis & Synthesis ; 00:00:33     ; 1.0                     ; 1034 MB             ; 00:00:52                           ;
; EDA Netlist Writer   ; 00:00:01     ; 1.0                     ; 1040 MB             ; 00:00:00                           ;
; EDA Netlist Writer   ; 00:00:03     ; 1.0                     ; 1061 MB             ; 00:00:03                           ;
; EDA Netlist Writer   ; 00:00:00     ; 1.0                     ; 1048 MB             ; 00:00:01                           ;
; EDA Netlist Writer   ; 00:00:02     ; 1.0                     ; 1062 MB             ; 00:00:02                           ;
; Total                ; 00:00:39     ; --                      ; --                  ; 00:00:58                           ;
+----------------------+--------------+-------------------------+---------------------+------------------------------------+


+--------------------------------------------------------------------------------------------+
; Flow OS Summary                                                                            ;
+----------------------+----------------------+----------------+------------+----------------+
; Module Name          ; Machine Hostname     ; OS Name        ; OS Version ; Processor type ;
+----------------------+----------------------+----------------+------------+----------------+
; Analysis & Synthesis ; leon-Aspire-A515-52G ; Ubuntu 20.04.2 ; 20         ; x86_64         ;
; EDA Netlist Writer   ; leon-Aspire-A515-52G ; Ubuntu 20.04.2 ; 20         ; x86_64         ;
; EDA Netlist Writer   ; leon-Aspire-A515-52G ; Ubuntu 20.04.2 ; 20         ; x86_64         ;
; EDA Netlist Writer   ; leon-Aspire-A515-52G ; Ubuntu 20.04.2 ; 20         ; x86_64         ;
; EDA Netlist Writer   ; leon-Aspire-A515-52G ; Ubuntu 20.04.2 ; 20         ; x86_64         ;
+----------------------+----------------------+----------------+------------+----------------+


------------
; Flow Log ;
------------
quartus_map --read_settings_files=on --write_settings_files=off processador -c processador
quartus_eda --gen_testbench --tool=modelsim_oem --format=verilog --write_settings_files=off processador -c processador --vector_source=/mnt/hdlinux/Documentos/Unifesp/8semestre/LabSO/Processador/BiosLoadingProgram2.vwf --testbench_file=/mnt/hdlinux/Documentos/Unifesp/8semestre/LabSO/Processador/simulation/qsim/BiosLoadingProgram2.vwf.vt
quartus_eda --write_settings_files=off --simulation=on --functional=on --flatten_buses=off --tool=modelsim_oem --format=verilog --output_directory=/mnt/hdlinux/Documentos/Unifesp/8semestre/LabSO/Processador/simulation/qsim/ processador -c processador
quartus_eda --gen_testbench --tool=modelsim_oem --format=verilog --write_settings_files=off processador -c processador --vector_source=/mnt/hdlinux/Documentos/Unifesp/8semestre/LabSO/Processador/BiosLoadingProgram2.vwf --testbench_file=/mnt/hdlinux/Documentos/Unifesp/8semestre/LabSO/Processador/simulation/qsim/BiosLoadingProgram2.vwf.vt
quartus_eda --write_settings_files=off --simulation=on --functional=on --flatten_buses=off --tool=modelsim_oem --format=verilog --output_directory=/mnt/hdlinux/Documentos/Unifesp/8semestre/LabSO/Processador/simulation/qsim/ processador -c processador



